<?xml version="1.0" encoding="UTF-8"?>
<testng-results skipped="0" failed="0" total="2" passed="2">
  <reporter-output>
  </reporter-output>
  <suite name="Default suite" duration-ms="24" started-at="2015-09-04T16:44:23Z" finished-at="2015-09-04T16:44:23Z">
    <groups>
    </groups>
    <test name="Default test" duration-ms="24" started-at="2015-09-04T16:44:23Z" finished-at="2015-09-04T16:44:23Z">
      <class name="program3.SwapTwoNumbersTest">
        <test-method status="PASS" signature="swap2test()[pri:0, instance:program3.SwapTwoNumbersTest@4b6995df]" name="swap2test" duration-ms="10" started-at="2015-09-04T09:44:23Z" finished-at="2015-09-04T09:44:23Z">
          <reporter-output>
          </reporter-output>
        </test-method> <!-- swap2test -->
        <test-method status="PASS" signature="swaptest()[pri:0, instance:program3.SwapTwoNumbersTest@4b6995df]" name="swaptest" duration-ms="0" started-at="2015-09-04T09:44:23Z" finished-at="2015-09-04T09:44:23Z">
          <reporter-output>
          </reporter-output>
        </test-method> <!-- swaptest -->
      </class> <!-- program3.SwapTwoNumbersTest -->
    </test> <!-- Default test -->
  </suite> <!-- Default suite -->
</testng-results>
