<?xml version="1.0" encoding="UTF-8"?>
<testng-results skipped="0" failed="0" total="1" passed="1">
  <reporter-output>
  </reporter-output>
  <suite name="Default suite" duration-ms="26" started-at="2015-09-05T00:27:05Z" finished-at="2015-09-05T00:27:05Z">
    <groups>
    </groups>
    <test name="Default test" duration-ms="26" started-at="2015-09-05T00:27:05Z" finished-at="2015-09-05T00:27:05Z">
      <class name="Reverse.ReverseStringTest">
        <test-method status="PASS" signature="reverseTest()[pri:0, instance:Reverse.ReverseStringTest@61443d8f]" name="reverseTest" duration-ms="12" started-at="2015-09-04T17:27:05Z" finished-at="2015-09-04T17:27:05Z">
          <reporter-output>
          </reporter-output>
        </test-method> <!-- reverseTest -->
      </class> <!-- Reverse.ReverseStringTest -->
    </test> <!-- Default test -->
  </suite> <!-- Default suite -->
</testng-results>
