<?xml version="1.0" encoding="UTF-8"?>
<testng-results skipped="0" failed="0" total="1" passed="1">
  <reporter-output>
  </reporter-output>
  <suite name="Default suite" duration-ms="25" started-at="2015-09-09T16:45:22Z" finished-at="2015-09-09T16:45:22Z">
    <groups>
    </groups>
    <test name="Default test" duration-ms="25" started-at="2015-09-09T16:45:22Z" finished-at="2015-09-09T16:45:22Z">
      <class name="collectionSet.SetCollectionTest">
        <test-method status="PASS" signature="findDuplicatesTest()[pri:0, instance:collectionSet.SetCollectionTest@4b6995df]" name="findDuplicatesTest" duration-ms="11" started-at="2015-09-09T09:45:22Z" finished-at="2015-09-09T09:45:22Z">
          <reporter-output>
          </reporter-output>
        </test-method> <!-- findDuplicatesTest -->
      </class> <!-- collectionSet.SetCollectionTest -->
    </test> <!-- Default test -->
  </suite> <!-- Default suite -->
</testng-results>
