<?xml version="1.0" encoding="UTF-8"?>
<testng-results skipped="0" failed="0" total="1" passed="1">
  <reporter-output>
  </reporter-output>
  <suite name="Default suite" duration-ms="23" started-at="2015-09-03T19:22:13Z" finished-at="2015-09-03T19:22:13Z">
    <groups>
    </groups>
    <test name="Default test" duration-ms="23" started-at="2015-09-03T19:22:13Z" finished-at="2015-09-03T19:22:13Z">
      <class name="program9.MaxArrayTest">
        <test-method status="PASS" signature="testFindMax()[pri:0, instance:program9.MaxArrayTest@61443d8f]" name="testFindMax" duration-ms="11" started-at="2015-09-03T12:22:13Z" finished-at="2015-09-03T12:22:13Z">
          <reporter-output>
          </reporter-output>
        </test-method> <!-- testFindMax -->
      </class> <!-- program9.MaxArrayTest -->
    </test> <!-- Default test -->
  </suite> <!-- Default suite -->
</testng-results>
