<?xml version="1.0" encoding="UTF-8"?>
<testng-results skipped="0" failed="0" total="1" passed="1">
  <reporter-output>
  </reporter-output>
  <suite name="Default suite" duration-ms="26" started-at="2015-09-08T19:36:31Z" finished-at="2015-09-08T19:36:31Z">
    <groups>
    </groups>
    <test name="Default test" duration-ms="26" started-at="2015-09-08T19:36:31Z" finished-at="2015-09-08T19:36:31Z">
      <class name="ListFiles.ListFilesTest">
        <test-method status="PASS" signature="list()[pri:0, instance:ListFiles.ListFilesTest@4b6995df]" name="list" duration-ms="11" started-at="2015-09-08T12:36:31Z" finished-at="2015-09-08T12:36:31Z">
          <reporter-output>
          </reporter-output>
        </test-method> <!-- list -->
      </class> <!-- ListFiles.ListFilesTest -->
    </test> <!-- Default test -->
  </suite> <!-- Default suite -->
</testng-results>
