<?xml version="1.0" encoding="UTF-8"?>
<testng-results skipped="0" failed="0" total="2" passed="2">
  <reporter-output>
  </reporter-output>
  <suite name="Default suite" duration-ms="27" started-at="2015-09-09T01:03:34Z" finished-at="2015-09-09T01:03:34Z">
    <groups>
    </groups>
    <test name="Default test" duration-ms="27" started-at="2015-09-09T01:03:34Z" finished-at="2015-09-09T01:03:34Z">
      <class name="OopConcepts6.OopNewTest">
        <test-method status="PASS" signature="testCalculateArea()[pri:0, instance:OopConcepts6.OopNewTest@4b6995df]" name="testCalculateArea" duration-ms="9" started-at="2015-09-08T18:03:34Z" finished-at="2015-09-08T18:03:34Z">
          <reporter-output>
          </reporter-output>
        </test-method> <!-- testCalculateArea -->
        <test-method status="PASS" signature="testCalculatePerimeter()[pri:0, instance:OopConcepts6.OopNewTest@4b6995df]" name="testCalculatePerimeter" duration-ms="1" started-at="2015-09-08T18:03:34Z" finished-at="2015-09-08T18:03:34Z">
          <reporter-output>
          </reporter-output>
        </test-method> <!-- testCalculatePerimeter -->
      </class> <!-- OopConcepts6.OopNewTest -->
    </test> <!-- Default test -->
  </suite> <!-- Default suite -->
</testng-results>
