<?xml version="1.0" encoding="UTF-8"?>
<testng-results skipped="0" failed="0" total="1" passed="1">
  <reporter-output>
  </reporter-output>
  <suite name="Default suite" duration-ms="24" started-at="2015-09-09T16:08:10Z" finished-at="2015-09-09T16:08:10Z">
    <groups>
    </groups>
    <test name="Default test" duration-ms="24" started-at="2015-09-09T16:08:10Z" finished-at="2015-09-09T16:08:10Z">
      <class name="program11.CommonNumbersInArrayTest">
        <test-method status="PASS" signature="common()[pri:0, instance:program11.CommonNumbersInArrayTest@4b6995df]" name="common" duration-ms="10" started-at="2015-09-09T09:08:10Z" finished-at="2015-09-09T09:08:10Z">
          <reporter-output>
          </reporter-output>
        </test-method> <!-- common -->
      </class> <!-- program11.CommonNumbersInArrayTest -->
    </test> <!-- Default test -->
  </suite> <!-- Default suite -->
</testng-results>
