<?xml version="1.0" encoding="UTF-8"?>
<testng-results skipped="0" failed="0" total="1" passed="1">
  <reporter-output>
  </reporter-output>
  <suite name="Default suite" duration-ms="23" started-at="2015-09-09T16:15:08Z" finished-at="2015-09-09T16:15:08Z">
    <groups>
    </groups>
    <test name="Default test" duration-ms="23" started-at="2015-09-09T16:15:08Z" finished-at="2015-09-09T16:15:08Z">
      <class name="program5.PrimeNumberTest">
        <test-method status="PASS" signature="testIsPrime()[pri:0, instance:program5.PrimeNumberTest@61443d8f]" name="testIsPrime" duration-ms="12" started-at="2015-09-09T09:15:08Z" finished-at="2015-09-09T09:15:08Z">
          <reporter-output>
          </reporter-output>
        </test-method> <!-- testIsPrime -->
      </class> <!-- program5.PrimeNumberTest -->
    </test> <!-- Default test -->
  </suite> <!-- Default suite -->
</testng-results>
