<?xml version="1.0" encoding="UTF-8"?>
<testng-results skipped="0" failed="0" total="1" passed="1">
  <reporter-output>
  </reporter-output>
  <suite name="Default suite" duration-ms="25" started-at="2015-09-07T05:06:03Z" finished-at="2015-09-07T05:06:03Z">
    <groups>
    </groups>
    <test name="Default test" duration-ms="25" started-at="2015-09-07T05:06:03Z" finished-at="2015-09-07T05:06:03Z">
      <class name="StringPrint.StrPrintTest">
        <test-method status="PASS" signature="printstr()[pri:0, instance:StringPrint.StrPrintTest@4b6995df]" name="printstr" duration-ms="9" started-at="2015-09-06T22:06:03Z" finished-at="2015-09-06T22:06:03Z">
          <reporter-output>
          </reporter-output>
        </test-method> <!-- printstr -->
      </class> <!-- StringPrint.StrPrintTest -->
    </test> <!-- Default test -->
  </suite> <!-- Default suite -->
</testng-results>
