<?xml version="1.0" encoding="UTF-8"?>
<testng-results skipped="0" failed="0" total="1" passed="1">
  <reporter-output>
  </reporter-output>
  <suite name="Default suite" duration-ms="27" started-at="2015-09-05T00:55:28Z" finished-at="2015-09-05T00:55:28Z">
    <groups>
    </groups>
    <test name="Default test" duration-ms="27" started-at="2015-09-05T00:55:28Z" finished-at="2015-09-05T00:55:28Z">
      <class name="FindAndReplace.FindAndReplaceStringTest">
        <test-method status="PASS" signature="replace()[pri:0, instance:FindAndReplace.FindAndReplaceStringTest@4b6995df]" name="replace" duration-ms="10" started-at="2015-09-04T17:55:28Z" finished-at="2015-09-04T17:55:28Z">
          <reporter-output>
          </reporter-output>
        </test-method> <!-- replace -->
      </class> <!-- FindAndReplace.FindAndReplaceStringTest -->
    </test> <!-- Default test -->
  </suite> <!-- Default suite -->
</testng-results>
