<?xml version="1.0" encoding="UTF-8"?>
<testng-results skipped="0" failed="0" total="1" passed="1">
  <reporter-output>
  </reporter-output>
  <suite name="Default suite" duration-ms="24" started-at="2015-09-04T17:09:01Z" finished-at="2015-09-04T17:09:01Z">
    <groups>
    </groups>
    <test name="Default test" duration-ms="24" started-at="2015-09-04T17:09:01Z" finished-at="2015-09-04T17:09:01Z">
      <class name="program13.SortArrayTest">
        <test-method status="PASS" signature="sortTest()[pri:0, instance:program13.SortArrayTest@4b6995df]" name="sortTest" duration-ms="11" started-at="2015-09-04T10:09:01Z" finished-at="2015-09-04T10:09:01Z">
          <reporter-output>
          </reporter-output>
        </test-method> <!-- sortTest -->
      </class> <!-- program13.SortArrayTest -->
    </test> <!-- Default test -->
  </suite> <!-- Default suite -->
</testng-results>
