<?xml version="1.0" encoding="UTF-8"?>
<testng-results skipped="0" failed="0" total="2" passed="2">
  <reporter-output>
  </reporter-output>
  <suite name="Default suite" duration-ms="24" started-at="2015-09-07T17:41:38Z" finished-at="2015-09-07T17:41:38Z">
    <groups>
    </groups>
    <test name="Default test" duration-ms="24" started-at="2015-09-07T17:41:38Z" finished-at="2015-09-07T17:41:38Z">
      <class name="ParanthesisCheck.ParanthesisCheckTest">
        <test-method status="PASS" signature="isBalancedtest()[pri:0, instance:ParanthesisCheck.ParanthesisCheckTest@4b6995df]" name="isBalancedtest" duration-ms="10" started-at="2015-09-07T10:41:38Z" finished-at="2015-09-07T10:41:38Z">
          <reporter-output>
          </reporter-output>
        </test-method> <!-- isBalancedtest -->
        <test-method status="PASS" signature="isBalancedtest1()[pri:0, instance:ParanthesisCheck.ParanthesisCheckTest@4b6995df]" name="isBalancedtest1" duration-ms="1" started-at="2015-09-07T10:41:38Z" finished-at="2015-09-07T10:41:38Z">
          <reporter-output>
          </reporter-output>
        </test-method> <!-- isBalancedtest1 -->
      </class> <!-- ParanthesisCheck.ParanthesisCheckTest -->
    </test> <!-- Default test -->
  </suite> <!-- Default suite -->
</testng-results>
