<?xml version="1.0" encoding="UTF-8"?>
<testng-results skipped="0" failed="0" total="1" passed="1">
  <reporter-output>
  </reporter-output>
  <suite name="Default suite" duration-ms="38" started-at="2015-09-08T02:24:42Z" finished-at="2015-09-08T02:24:42Z">
    <groups>
    </groups>
    <test name="Default test" duration-ms="38" started-at="2015-09-08T02:24:42Z" finished-at="2015-09-08T02:24:42Z">
      <class name="CountofWords22.CountofWordsTest">
        <test-method status="PASS" signature="count()[pri:0, instance:CountofWords22.CountofWordsTest@4b6995df]" name="count" duration-ms="23" started-at="2015-09-07T19:24:42Z" finished-at="2015-09-07T19:24:42Z">
          <reporter-output>
          </reporter-output>
        </test-method> <!-- count -->
      </class> <!-- CountofWords22.CountofWordsTest -->
    </test> <!-- Default test -->
  </suite> <!-- Default suite -->
</testng-results>
