<?xml version="1.0" encoding="UTF-8"?>
<!-- Generated by org.testng.reporters.JUnitXMLReporter -->
<testsuite hostname="Sris-MacBook-Pro.local" name="Default test" tests="3" failures="0" timestamp="3 Sep 2015 22:15:38 GMT" time="0.026" errors="0">
  <testcase name="testDivisibleBy3" time="0.01" classname="program2.NewTest"/>
  <testcase name="testDivisibleBy5" time="0.0" classname="program2.NewTest"/>
  <testcase name="testDivisibleBy5And3" time="0.0" classname="program2.NewTest"/>
</testsuite> <!-- Default test -->
