<?xml version="1.0" encoding="UTF-8"?>
<testng-results skipped="0" failed="0" total="3" passed="3">
  <reporter-output>
  </reporter-output>
  <suite name="Default suite" duration-ms="26" started-at="2015-09-03T22:15:38Z" finished-at="2015-09-03T22:15:38Z">
    <groups>
    </groups>
    <test name="Default test" duration-ms="26" started-at="2015-09-03T22:15:38Z" finished-at="2015-09-03T22:15:38Z">
      <class name="program2.NewTest">
        <test-method status="PASS" signature="testDivisibleBy3()[pri:0, instance:program2.NewTest@4b6995df]" name="testDivisibleBy3" duration-ms="10" started-at="2015-09-03T15:15:38Z" finished-at="2015-09-03T15:15:38Z">
          <reporter-output>
          </reporter-output>
        </test-method> <!-- testDivisibleBy3 -->
        <test-method status="PASS" signature="testDivisibleBy5()[pri:0, instance:program2.NewTest@4b6995df]" name="testDivisibleBy5" duration-ms="0" started-at="2015-09-03T15:15:38Z" finished-at="2015-09-03T15:15:38Z">
          <reporter-output>
          </reporter-output>
        </test-method> <!-- testDivisibleBy5 -->
        <test-method status="PASS" signature="testDivisibleBy5And3()[pri:0, instance:program2.NewTest@4b6995df]" name="testDivisibleBy5And3" duration-ms="0" started-at="2015-09-03T15:15:38Z" finished-at="2015-09-03T15:15:38Z">
          <reporter-output>
          </reporter-output>
        </test-method> <!-- testDivisibleBy5And3 -->
      </class> <!-- program2.NewTest -->
    </test> <!-- Default test -->
  </suite> <!-- Default suite -->
</testng-results>
