<?xml version="1.0" encoding="UTF-8"?>
<testng-results skipped="0" failed="0" total="1" passed="1">
  <reporter-output>
  </reporter-output>
  <suite name="Default suite" duration-ms="37" started-at="2015-09-08T03:46:36Z" finished-at="2015-09-08T03:46:36Z">
    <groups>
    </groups>
    <test name="Default test" duration-ms="37" started-at="2015-09-08T03:46:36Z" finished-at="2015-09-08T03:46:36Z">
      <class name="WordSearch23.WordSearchTest">
        <test-method status="PASS" signature="count()[pri:0, instance:WordSearch23.WordSearchTest@4b6995df]" name="count" duration-ms="24" started-at="2015-09-07T20:46:36Z" finished-at="2015-09-07T20:46:36Z">
          <reporter-output>
          </reporter-output>
        </test-method> <!-- count -->
      </class> <!-- WordSearch23.WordSearchTest -->
    </test> <!-- Default test -->
  </suite> <!-- Default suite -->
</testng-results>
